#
# A fatal error has been detected by the Java Runtime Environment:
#
#  EXCEPTION_ACCESS_VIOLATION (0xc0000005) at pc=0x00007ffda60183c9, pid=7760, tid=5196
#
# JRE version: Java(TM) SE Runtime Environment (8.0_25-b18) (build 1.8.0_25-b18)
# Java VM: Java HotSpot(TM) 64-Bit Server VM (25.25-b02 mixed mode windows-amd64 compressed oops)
# Problematic frame:
# C  [ig4icd64.dll+0x4583c9]
#
# Failed to write core dump. Minidumps are not enabled by default on client versions of Windows
#
# If you would like to submit a bug report, please visit:
#   http://bugreport.sun.com/bugreport/crash.jsp
# The crash happened outside the Java Virtual Machine in native code.
# See problematic frame for where to report the bug.
#

---------------  T H R E A D  ---------------

Current thread (0x0000000002750800):  JavaThread "main" [_thread_in_native, id=5196, stack(0x00000000025e0000,0x00000000026e0000)]

siginfo: ExceptionCode=0xc0000005, reading address 0x000000000000002c

Registers:
RAX=0x0000000000000000, RBX=0x0000000017b2fec0, RCX=0x0000000000000000, RDX=0x0000000000000000
RSP=0x00000000026deb10, RBP=0x0000000017ad00b0, RSI=0x0000000000e155c0, RDI=0x0000000000000000
R8 =0x0000000000000000, R9 =0x0000000000000000, R10=0x0000000000e100a0, R11=0x0000000000000000
R12=0x0000000000000000, R13=0x0000000002dc89c4, R14=0x0000000000e15160, R15=0x0000000000e100a0
RIP=0x00007ffda60183c9, EFLAGS=0x0000000000010246

Top of Stack: (sp=0x00000000026deb10)
0x00000000026deb10:   0000000000000000 00000000026dee78
0x00000000026deb20:   0000000000000000 0000000000000000
0x00000000026deb30:   0000000040000140 0000000000000000
0x00000000026deb40:   0000000000000000 0000000000000000
0x00000000026deb50:   0000000000000000 0000000000000000
0x00000000026deb60:   0000000000000000 0000000000000000
0x00000000026deb70:   0000000000000000 0000000000000000
0x00000000026deb80:   0000000000000000 0000000000000000
0x00000000026deb90:   0000000000000000 0000000000000000
0x00000000026deba0:   0000000000000000 0000000000000000
0x00000000026debb0:   0000000000000000 0000000000000000
0x00000000026debc0:   0000000000000000 0000000000000000
0x00000000026debd0:   0000000000000000 0000000000000000
0x00000000026debe0:   0000000000000000 0000000000000000
0x00000000026debf0:   0000000000000000 0000000000000000
0x00000000026dec00:   0000000000000000 0000000000000000 

Instructions: (pc=0x00007ffda60183c9)
0x00007ffda60183a9:   10 05 d1 16 4f 00 0f 11 44 24 40 0f 11 44 24 50
0x00007ffda60183b9:   33 c9 89 44 24 20 8b 86 70 05 00 00 89 44 24 30
0x00007ffda60183c9:   8b 47 2c 44 89 5c 24 74 89 44 24 34 48 8b 05 0c
0x00007ffda60183d9:   20 5e 00 48 89 4c 24 28 48 89 4c 24 38 89 4c 24 


Register to memory mapping:

RAX=0x0000000000000000 is an unknown value
RBX=0x0000000017b2fec0 is an unknown value
RCX=0x0000000000000000 is an unknown value
RDX=0x0000000000000000 is an unknown value
RSP=0x00000000026deb10 is pointing into the stack for thread: 0x0000000002750800
RBP=0x0000000017ad00b0 is an unknown value
RSI=0x0000000000e155c0 is an unknown value
RDI=0x0000000000000000 is an unknown value
R8 =0x0000000000000000 is an unknown value
R9 =0x0000000000000000 is an unknown value
R10=0x0000000000e100a0 is an unknown value
R11=0x0000000000000000 is an unknown value
R12=0x0000000000000000 is an unknown value
R13=0x0000000002dc89c4 is at entry_point+1540 in (nmethod*)0x0000000002dc8190
R14=0x0000000000e15160 is an unknown value
R15=0x0000000000e100a0 is an unknown value


Stack: [0x00000000025e0000,0x00000000026e0000],  sp=0x00000000026deb10,  free space=1018k
Native frames: (J=compiled Java code, j=interpreted, Vv=VM code, C=native code)
C  [ig4icd64.dll+0x4583c9]
C  [ig4icd64.dll+0x1b7bd5]
C  [ig4icd64.dll+0x1c4009]
C  [OPENGL32.dll+0x43ebe]
C  [GDI32.dll+0xd755b]
C  0x0000000002dc1f54

Java frames: (J=compiled Java code, j=interpreted, Vv=VM code)
J 1227  org.lwjgl.opengl.WindowsContextImplementation.nSwapBuffers(Ljava/nio/ByteBuffer;)V (0 bytes) @ 0x0000000002dc1ed2 [0x0000000002dc1e80+0x52]
J 1250 C1 org.lwjgl.opengl.WindowsContextImplementation.swapBuffers()V (67 bytes) @ 0x0000000002dd32a4 [0x0000000002dd2e20+0x484]
J 1225 C1 org.lwjgl.opengl.DrawableGL.swapBuffers()V (4 bytes) @ 0x0000000002dc4c5c [0x0000000002dc4b80+0xdc]
J 1224 C1 org.lwjgl.opengl.Display.swapBuffers()V (55 bytes) @ 0x0000000002dc44ac [0x0000000002dc4140+0x36c]
J 1223 C1 org.lwjgl.opengl.Display.update(Z)V (154 bytes) @ 0x0000000002dc2b14 [0x0000000002dc26a0+0x474]
J 1233 C1 org.newdawn.slick.AppGameContainer.gameLoop()V (81 bytes) @ 0x0000000002dc8a24 [0x0000000002dc83c0+0x664]
j  org.newdawn.slick.AppGameContainer.start()V+17
j  happypotatoes.slickgame.Main.main([Ljava/lang/String;)V+49
v  ~StubRoutines::call_stub

---------------  P R O C E S S  ---------------

Java Threads: ( => current thread )
  0x000000001aac1800 JavaThread "Thread-3" daemon [_thread_in_native, id=6632, stack(0x000000001b1e0000,0x000000001b2e0000)]
  0x0000000016aa3800 JavaThread "AWT-Windows" daemon [_thread_in_native, id=8072, stack(0x0000000017340000,0x0000000017440000)]
  0x0000000016a9e800 JavaThread "Java2D Disposer" daemon [_thread_blocked, id=4800, stack(0x0000000017140000,0x0000000017240000)]
  0x0000000014f6e800 JavaThread "Service Thread" daemon [_thread_blocked, id=4400, stack(0x0000000016b70000,0x0000000016c70000)]
  0x0000000014f16000 JavaThread "C1 CompilerThread2" daemon [_thread_blocked, id=1492, stack(0x0000000016670000,0x0000000016770000)]
  0x0000000014f11000 JavaThread "C2 CompilerThread1" daemon [_thread_blocked, id=4344, stack(0x0000000016570000,0x0000000016670000)]
  0x0000000014f0c000 JavaThread "C2 CompilerThread0" daemon [_thread_blocked, id=5044, stack(0x0000000016470000,0x0000000016570000)]
  0x0000000014f0a800 JavaThread "Attach Listener" daemon [_thread_blocked, id=6396, stack(0x0000000016370000,0x0000000016470000)]
  0x0000000014f09800 JavaThread "Signal Dispatcher" daemon [_thread_blocked, id=6136, stack(0x0000000016270000,0x0000000016370000)]
  0x0000000002841000 JavaThread "Finalizer" daemon [_thread_blocked, id=288, stack(0x0000000016170000,0x0000000016270000)]
  0x000000000283a000 JavaThread "Reference Handler" daemon [_thread_blocked, id=2464, stack(0x0000000016070000,0x0000000016170000)]
=>0x0000000002750800 JavaThread "main" [_thread_in_native, id=5196, stack(0x00000000025e0000,0x00000000026e0000)]

Other Threads:
  0x0000000014ed5000 VMThread [stack: 0x0000000015f70000,0x0000000016070000] [id=5420]
  0x000000001678f800 WatcherThread [stack: 0x0000000016c70000,0x0000000016d70000] [id=2204]

VM state:not at safepoint (normal execution)

VM Mutex/Monitor currently owned by a thread: None

Heap:
 PSYoungGen      total 26624K, used 10917K [0x00000000eb400000, 0x00000000ee600000, 0x0000000100000000)
  eden space 25600K, 38% used [0x00000000eb400000,0x00000000ebdb0bc0,0x00000000ecd00000)
  from space 1024K, 97% used [0x00000000ed600000,0x00000000ed6f8900,0x00000000ed700000)
  to   space 9216K, 0% used [0x00000000ecd00000,0x00000000ecd00000,0x00000000ed600000)
 ParOldGen       total 44032K, used 15996K [0x00000000c1c00000, 0x00000000c4700000, 0x00000000eb400000)
  object space 44032K, 36% used [0x00000000c1c00000,0x00000000c2b9f208,0x00000000c4700000)
 Metaspace       used 9888K, capacity 10083K, committed 10368K, reserved 1058816K
  class space    used 1010K, capacity 1056K, committed 1152K, reserved 1048576K

Card table byte_map: [0x0000000011d00000,0x0000000011f00000] byte_map_base: 0x00000000116f2000

Marking Bits: (ParMarkBitMap*) 0x0000000056ffd490
 Begin Bits: [0x0000000012450000, 0x00000000133e0000)
 End Bits:   [0x00000000133e0000, 0x0000000014370000)

Polling page: 0x0000000000d00000

CodeCache: size=245760Kb used=5220Kb max_used=5226Kb free=240540Kb
 bounds [0x0000000002940000, 0x0000000002e60000, 0x0000000011940000]
 total_blobs=1980 nmethods=1438 adapters=456
 compilation: enabled

Compilation events (10 events):
Event: 29.428 Thread 0x0000000014f16000 1443       3       java.lang.ClassLoader::compareCerts (149 bytes)
Event: 29.429 Thread 0x0000000014f16000 nmethod 1443 0x0000000002e58890 code [0x0000000002e58a60, 0x0000000002e59318]
Event: 29.431 Thread 0x0000000014f16000 1444       3       java.lang.Class::arrayContentsEq (70 bytes)
Event: 29.431 Thread 0x0000000014f16000 nmethod 1444 0x0000000002e58110 code [0x0000000002e582a0, 0x0000000002e586f0]
Event: 29.483 Thread 0x0000000014f16000 1445       3       org.newdawn.slick.opengl.CompositeImageData::checkPicked (18 bytes)
Event: 29.483 Thread 0x0000000014f16000 nmethod 1445 0x0000000002e5bdd0 code [0x0000000002e5bf40, 0x0000000002e5c168]
Event: 29.488 Thread 0x0000000014f0c000 1446       4       org.newdawn.slick.opengl.renderer.ImmediateModeOGLRenderer::glVertex3f (7 bytes)
Event: 29.491 Thread 0x0000000014f0c000 nmethod 1446 0x0000000002e5b950 code [0x0000000002e5baa0, 0x0000000002e5bbc8]
Event: 29.656 Thread 0x0000000014f16000 1447   !   3       java.lang.ClassLoader::getPackage (118 bytes)
Event: 29.657 Thread 0x0000000014f16000 nmethod 1447 0x0000000002e5de90 code [0x0000000002e5e060, 0x0000000002e5eb68]

GC Heap History (10 events):
Event: 2.494 GC heap before
{Heap before GC invocations=2 (full 0):
 PSYoungGen      total 18944K, used 18507K [0x00000000eb400000, 0x00000000ec900000, 0x0000000100000000)
  eden space 16384K, 97% used [0x00000000eb400000,0x00000000ec3989d0,0x00000000ec400000)
  from space 2560K, 99% used [0x00000000ec400000,0x00000000ec67a4a0,0x00000000ec680000)
  to   space 2560K, 0% used [0x00000000ec680000,0x00000000ec680000,0x00000000ec900000)
 ParOldGen       total 44032K, used 564K [0x00000000c1c00000, 0x00000000c4700000, 0x00000000eb400000)
  object space 44032K, 1% used [0x00000000c1c00000,0x00000000c1c8d2c8,0x00000000c4700000)
 Metaspace       used 9109K, capacity 9277K, committed 9472K, reserved 1058816K
  class space    used 950K, capacity 1023K, committed 1024K, reserved 1048576K
Event: 2.502 GC heap after
Heap after GC invocations=2 (full 0):
 PSYoungGen      total 18944K, used 2530K [0x00000000eb400000, 0x00000000ec900000, 0x0000000100000000)
  eden space 16384K, 0% used [0x00000000eb400000,0x00000000eb400000,0x00000000ec400000)
  from space 2560K, 98% used [0x00000000ec680000,0x00000000ec8f8910,0x00000000ec900000)
  to   space 2560K, 0% used [0x00000000ec400000,0x00000000ec400000,0x00000000ec680000)
 ParOldGen       total 44032K, used 2671K [0x00000000c1c00000, 0x00000000c4700000, 0x00000000eb400000)
  object space 44032K, 6% used [0x00000000c1c00000,0x00000000c1e9bf38,0x00000000c4700000)
 Metaspace       used 9109K, capacity 9277K, committed 9472K, reserved 1058816K
  class space    used 950K, capacity 1023K, committed 1024K, reserved 1048576K
}
Event: 2.848 GC heap before
{Heap before GC invocations=3 (full 0):
 PSYoungGen      total 18944K, used 18914K [0x00000000eb400000, 0x00000000ec900000, 0x0000000100000000)
  eden space 16384K, 100% used [0x00000000eb400000,0x00000000ec400000,0x00000000ec400000)
  from space 2560K, 98% used [0x00000000ec680000,0x00000000ec8f8910,0x00000000ec900000)
  to   space 2560K, 0% used [0x00000000ec400000,0x00000000ec400000,0x00000000ec680000)
 ParOldGen       total 44032K, used 2671K [0x00000000c1c00000, 0x00000000c4700000, 0x00000000eb400000)
  object space 44032K, 6% used [0x00000000c1c00000,0x00000000c1e9bf38,0x00000000c4700000)
 Metaspace       used 9202K, capacity 9341K, committed 9472K, reserved 1058816K
  class space    used 953K, capacity 1023K, committed 1024K, reserved 1048576K
Event: 2.855 GC heap after
Heap after GC invocations=3 (full 0):
 PSYoungGen      total 18944K, used 2552K [0x00000000eb400000, 0x00000000ed900000, 0x0000000100000000)
  eden space 16384K, 0% used [0x00000000eb400000,0x00000000eb400000,0x00000000ec400000)
  from space 2560K, 99% used [0x00000000ec400000,0x00000000ec67e168,0x00000000ec680000)
  to   space 2560K, 0% used [0x00000000ed680000,0x00000000ed680000,0x00000000ed900000)
 ParOldGen       total 44032K, used 6815K [0x00000000c1c00000, 0x00000000c4700000, 0x00000000eb400000)
  object space 44032K, 15% used [0x00000000c1c00000,0x00000000c22a7f78,0x00000000c4700000)
 Metaspace       used 9202K, capacity 9341K, committed 9472K, reserved 1058816K
  class space    used 953K, capacity 1023K, committed 1024K, reserved 1048576K
}
Event: 27.309 GC heap before
{Heap before GC invocations=4 (full 0):
 PSYoungGen      total 18944K, used 18936K [0x00000000eb400000, 0x00000000ed900000, 0x0000000100000000)
  eden space 16384K, 100% used [0x00000000eb400000,0x00000000ec400000,0x00000000ec400000)
  from space 2560K, 99% used [0x00000000ec400000,0x00000000ec67e168,0x00000000ec680000)
  to   space 2560K, 0% used [0x00000000ed680000,0x00000000ed680000,0x00000000ed900000)
 ParOldGen       total 44032K, used 6815K [0x00000000c1c00000, 0x00000000c4700000, 0x00000000eb400000)
  object space 44032K, 15% used [0x00000000c1c00000,0x00000000c22a7f78,0x00000000c4700000)
 Metaspace       used 9535K, capacity 9725K, committed 9728K, reserved 1058816K
  class space    used 972K, capacity 1023K, committed 1024K, reserved 1048576K
Event: 27.312 GC heap after
Heap after GC invocations=4 (full 0):
 PSYoungGen      total 18432K, used 1602K [0x00000000eb400000, 0x00000000ed880000, 0x0000000100000000)
  eden space 16384K, 0% used [0x00000000eb400000,0x00000000eb400000,0x00000000ec400000)
  from space 2048K, 78% used [0x00000000ed680000,0x00000000ed810900,0x00000000ed880000)
  to   space 2560K, 0% used [0x00000000ed380000,0x00000000ed380000,0x00000000ed600000)
 ParOldGen       total 44032K, used 6823K [0x00000000c1c00000, 0x00000000c4700000, 0x00000000eb400000)
  object space 44032K, 15% used [0x00000000c1c00000,0x00000000c22a9f78,0x00000000c4700000)
 Metaspace       used 9535K, capacity 9725K, committed 9728K, reserved 1058816K
  class space    used 972K, capacity 1023K, committed 1024K, reserved 1048576K
}
Event: 28.260 GC heap before
{Heap before GC invocations=5 (full 0):
 PSYoungGen      total 18432K, used 17986K [0x00000000eb400000, 0x00000000ed880000, 0x0000000100000000)
  eden space 16384K, 100% used [0x00000000eb400000,0x00000000ec400000,0x00000000ec400000)
  from space 2048K, 78% used [0x00000000ed680000,0x00000000ed810900,0x00000000ed880000)
  to   space 2560K, 0% used [0x00000000ed380000,0x00000000ed380000,0x00000000ed600000)
 ParOldGen       total 44032K, used 6823K [0x00000000c1c00000, 0x00000000c4700000, 0x00000000eb400000)
  object space 44032K, 15% used [0x00000000c1c00000,0x00000000c22a9f78,0x00000000c4700000)
 Metaspace       used 9757K, capacity 9891K, committed 10112K, reserved 1058816K
  class space    used 995K, capacity 1056K, committed 1152K, reserved 1048576K
Event: 28.266 GC heap after
Heap after GC invocations=5 (full 0):
 PSYoungGen      total 18944K, used 2530K [0x00000000eb400000, 0x00000000ed700000, 0x0000000100000000)
  eden space 16384K, 0% used [0x00000000eb400000,0x00000000eb400000,0x00000000ec400000)
  from space 2560K, 98% used [0x00000000ed380000,0x00000000ed5f8900,0x00000000ed600000)
  to   space 1024K, 0% used [0x00000000ed600000,0x00000000ed600000,0x00000000ed700000)
 ParOldGen       total 44032K, used 9641K [0x00000000c1c00000, 0x00000000c4700000, 0x00000000eb400000)
  object space 44032K, 21% used [0x00000000c1c00000,0x00000000c256a600,0x00000000c4700000)
 Metaspace       used 9757K, capacity 9891K, committed 10112K, reserved 1058816K
  class space    used 995K, capacity 1056K, committed 1152K, reserved 1048576K
}
Event: 28.782 GC heap before
{Heap before GC invocations=6 (full 0):
 PSYoungGen      total 18944K, used 18914K [0x00000000eb400000, 0x00000000ed700000, 0x0000000100000000)
  eden space 16384K, 100% used [0x00000000eb400000,0x00000000ec400000,0x00000000ec400000)
  from space 2560K, 98% used [0x00000000ed380000,0x00000000ed5f8900,0x00000000ed600000)
  to   space 1024K, 0% used [0x00000000ed600000,0x00000000ed600000,0x00000000ed700000)
 ParOldGen       total 44032K, used 9641K [0x00000000c1c00000, 0x00000000c4700000, 0x00000000eb400000)
  object space 44032K, 21% used [0x00000000c1c00000,0x00000000c256a600,0x00000000c4700000)
 Metaspace       used 9767K, capacity 9891K, committed 10112K, reserved 1058816K
  class space    used 995K, capacity 1056K, committed 1152K, reserved 1048576K
Event: 28.793 GC heap after
Heap after GC invocations=6 (full 0):
 PSYoungGen      total 26624K, used 994K [0x00000000eb400000, 0x00000000ee600000, 0x0000000100000000)
  eden space 25600K, 0% used [0x00000000eb400000,0x00000000eb400000,0x00000000ecd00000)
  from space 1024K, 97% used [0x00000000ed600000,0x00000000ed6f8900,0x00000000ed700000)
  to   space 9216K, 0% used [0x00000000ecd00000,0x00000000ecd00000,0x00000000ed600000)
 ParOldGen       total 44032K, used 15996K [0x00000000c1c00000, 0x00000000c4700000, 0x00000000eb400000)
  object space 44032K, 36% used [0x00000000c1c00000,0x00000000c2b9f208,0x00000000c4700000)
 Metaspace       used 9767K, capacity 9891K, committed 10112K, reserved 1058816K
  class space    used 995K, capacity 1056K, committed 1152K, reserved 1048576K
}

Deoptimization events (3 events):
Event: 27.147 Thread 0x0000000002750800 Uncommon trap: reason=unreached action=reinterpret pc=0x0000000002dd4ba4 method=org.newdawn.slick.opengl.TextureImpl.bind()V @ 4
Event: 29.659 Thread 0x0000000002750800 Uncommon trap: reason=unreached action=reinterpret pc=0x0000000002db67e4 method=org.newdawn.slick.Graphics.setCurrent(Lorg/newdawn/slick/Graphics;)V @ 4
Event: 29.661 Thread 0x0000000002750800 Uncommon trap: reason=unreached action=reinterpret pc=0x0000000002dbed44 method=org.newdawn.slick.Graphics.setCurrent(Lorg/newdawn/slick/Graphics;)V @ 4

Internal exceptions (10 events):
Event: 29.489 Thread 0x0000000002750800 Exception <a 'java/security/PrivilegedActionException'> (0x00000000ebd04188) thrown at [D:\re\workspace\8-2-build-windows-amd64-cygwin\jdk8u25\1677\hotspot\src\share\vm\prims\jvm.cpp, line 1312]
Event: 29.492 Thread 0x0000000002750800 Exception <a 'java/security/PrivilegedActionException'> (0x00000000ebd06740) thrown at [D:\re\workspace\8-2-build-windows-amd64-cygwin\jdk8u25\1677\hotspot\src\share\vm\prims\jvm.cpp, line 1312]
Event: 29.493 Thread 0x0000000002750800 Exception <a 'java/security/PrivilegedActionException'> (0x00000000ebd1f578) thrown at [D:\re\workspace\8-2-build-windows-amd64-cygwin\jdk8u25\1677\hotspot\src\share\vm\prims\jvm.cpp, line 1312]
Event: 29.496 Thread 0x0000000002750800 Exception <a 'java/security/PrivilegedActionException'> (0x00000000ebd23530) thrown at [D:\re\workspace\8-2-build-windows-amd64-cygwin\jdk8u25\1677\hotspot\src\share\vm\prims\jvm.cpp, line 1312]
Event: 29.497 Thread 0x0000000002750800 Exception <a 'java/security/PrivilegedActionException'> (0x00000000ebd34ca0) thrown at [D:\re\workspace\8-2-build-windows-amd64-cygwin\jdk8u25\1677\hotspot\src\share\vm\prims\jvm.cpp, line 1312]
Event: 29.497 Thread 0x0000000002750800 Exception <a 'java/security/PrivilegedActionException'> (0x00000000ebd3b728) thrown at [D:\re\workspace\8-2-build-windows-amd64-cygwin\jdk8u25\1677\hotspot\src\share\vm\prims\jvm.cpp, line 1312]
Event: 29.498 Thread 0x0000000002750800 Exception <a 'java/security/PrivilegedActionException'> (0x00000000ebd419e0) thrown at [D:\re\workspace\8-2-build-windows-amd64-cygwin\jdk8u25\1677\hotspot\src\share\vm\prims\jvm.cpp, line 1312]
Event: 29.499 Thread 0x0000000002750800 Exception <a 'java/security/PrivilegedActionException'> (0x00000000ebd479d8) thrown at [D:\re\workspace\8-2-build-windows-amd64-cygwin\jdk8u25\1677\hotspot\src\share\vm\prims\jvm.cpp, line 1312]
Event: 29.656 Thread 0x0000000002750800 Exception <a 'java/security/PrivilegedActionException'> (0x00000000ebd4f530) thrown at [D:\re\workspace\8-2-build-windows-amd64-cygwin\jdk8u25\1677\hotspot\src\share\vm\prims\jvm.cpp, line 1312]
Event: 29.660 Thread 0x0000000002750800 Exception <a 'java/security/PrivilegedActionException'> (0x00000000ebd59c70) thrown at [D:\re\workspace\8-2-build-windows-amd64-cygwin\jdk8u25\1677\hotspot\src\share\vm\prims\jvm.cpp, line 1312]

Events (10 events):
Event: 29.659 Thread 0x0000000002750800 Uncommon trap: trap_request=0xffffffad fr.pc=0x0000000002db67e4
Event: 29.659 Thread 0x0000000002750800 DEOPT PACKING pc=0x0000000002db67e4 sp=0x00000000026def80
Event: 29.659 Thread 0x0000000002750800 DEOPT UNPACKING pc=0x000000000298556a sp=0x00000000026deec8 mode 2
Event: 29.660 loading class org/newdawn/slick/opengl/SlickCallable
Event: 29.660 loading class org/newdawn/slick/opengl/SlickCallable done
Event: 29.661 Thread 0x0000000002750800 Uncommon trap: trap_request=0xffffffad fr.pc=0x0000000002dbed44
Event: 29.661 Thread 0x0000000002750800 DEOPT PACKING pc=0x0000000002dbed44 sp=0x00000000026dee90
Event: 29.661 Thread 0x0000000002750800 DEOPT UNPACKING pc=0x000000000298556a sp=0x00000000026dee30 mode 2
Event: 29.661 Thread 0x0000000002750800 DEOPT PACKING pc=0x0000000002dd8c8c sp=0x00000000026df370
Event: 29.661 Thread 0x0000000002750800 DEOPT UNPACKING pc=0x00000000029875bf sp=0x00000000026df188 mode 0


Dynamic libraries:
0x00007ff6fb850000 - 0x00007ff6fb884000 	C:\Program Files\Java\jre1.8.0_25\bin\javaw.exe
0x00007ffdc9110000 - 0x00007ffdc92bc000 	C:\WINDOWS\SYSTEM32\ntdll.dll
0x00007ffdc6800000 - 0x00007ffdc693e000 	C:\WINDOWS\system32\KERNEL32.DLL
0x00007ffdc6330000 - 0x00007ffdc6445000 	C:\WINDOWS\system32\KERNELBASE.dll
0x00007ffdc4960000 - 0x00007ffdc49ee000 	C:\WINDOWS\system32\apphelp.dll
0x00007ffdbbbd0000 - 0x00007ffdbbc23000 	C:\WINDOWS\AppPatch\AppPatch64\AcGenral.DLL
0x00007ffdc8780000 - 0x00007ffdc882a000 	C:\WINDOWS\system32\msvcrt.dll
0x00007ffdc5bc0000 - 0x00007ffdc5bee000 	C:\WINDOWS\SYSTEM32\SspiCli.dll
0x00007ffdc88f0000 - 0x00007ffdc8944000 	C:\WINDOWS\system32\SHLWAPI.dll
0x00007ffdc82b0000 - 0x00007ffdc8427000 	C:\WINDOWS\system32\USER32.dll
0x00007ffdc8a10000 - 0x00007ffdc8ba4000 	C:\WINDOWS\system32\ole32.dll
0x00007ffdc6d80000 - 0x00007ffdc8298000 	C:\WINDOWS\system32\SHELL32.dll
0x00007ffdc53a0000 - 0x00007ffdc53c1000 	C:\WINDOWS\SYSTEM32\USERENV.dll
0x00007ffdc8830000 - 0x00007ffdc88da000 	C:\WINDOWS\system32\ADVAPI32.dll
0x00007ffdbb920000 - 0x00007ffdbb93e000 	C:\WINDOWS\SYSTEM32\MPR.dll
0x00007ffdc69a0000 - 0x00007ffdc6ae1000 	C:\WINDOWS\system32\RPCRT4.dll
0x00007ffdc8500000 - 0x00007ffdc8559000 	C:\WINDOWS\SYSTEM32\sechost.dll
0x00007ffdc8560000 - 0x00007ffdc8771000 	C:\WINDOWS\SYSTEM32\combase.dll
0x00007ffdc6bc0000 - 0x00007ffdc6d11000 	C:\WINDOWS\system32\GDI32.dll
0x00007ffdc6260000 - 0x00007ffdc6275000 	C:\WINDOWS\SYSTEM32\profapi.dll
0x00007ffdc5c20000 - 0x00007ffdc5cd2000 	C:\WINDOWS\SYSTEM32\SHCORE.dll
0x00007ffdc8bb0000 - 0x00007ffdc8be6000 	C:\WINDOWS\system32\IMM32.DLL
0x00007ffdc8fb0000 - 0x00007ffdc9102000 	C:\WINDOWS\system32\MSCTF.dll
0x00007ffdc5d50000 - 0x00007ffdc5fcb000 	C:\WINDOWS\WinSxS\amd64_microsoft.windows.common-controls_6595b64144ccf1df_6.0.9600.17784_none_624760d1ecb7236e\COMCTL32.dll
0x0000000057080000 - 0x0000000057152000 	C:\Program Files\Java\jre1.8.0_25\bin\msvcr100.dll
0x0000000056820000 - 0x000000005707a000 	C:\Program Files\Java\jre1.8.0_25\bin\server\jvm.dll
0x00007ffdc6040000 - 0x00007ffdc6049000 	C:\WINDOWS\SYSTEM32\WSOCK32.dll
0x00007ffdc35f0000 - 0x00007ffdc3612000 	C:\WINDOWS\SYSTEM32\WINMM.dll
0x00007ffdc88e0000 - 0x00007ffdc88e7000 	C:\WINDOWS\system32\PSAPI.DLL
0x00007ffdc6940000 - 0x00007ffdc699a000 	C:\WINDOWS\system32\WS2_32.dll
0x00007ffdc2b10000 - 0x00007ffdc2b3a000 	C:\WINDOWS\SYSTEM32\WINMMBASE.dll
0x00007ffdc6af0000 - 0x00007ffdc6af9000 	C:\WINDOWS\system32\NSI.dll
0x00007ffdc66e0000 - 0x00007ffdc672f000 	C:\WINDOWS\SYSTEM32\cfgmgr32.dll
0x00007ffdc4a90000 - 0x00007ffdc4ab8000 	C:\WINDOWS\SYSTEM32\DEVOBJ.dll
0x0000000056810000 - 0x000000005681f000 	C:\Program Files\Java\jre1.8.0_25\bin\verify.dll
0x00000000567e0000 - 0x0000000056808000 	C:\Program Files\Java\jre1.8.0_25\bin\java.dll
0x00000000567c0000 - 0x00000000567d6000 	C:\Program Files\Java\jre1.8.0_25\bin\zip.dll
0x00000000565e0000 - 0x0000000056778000 	C:\Program Files\Java\jre1.8.0_25\bin\awt.dll
0x00007ffdc8430000 - 0x00007ffdc84f1000 	C:\WINDOWS\system32\OLEAUT32.dll
0x00007ffdc4ac0000 - 0x00007ffdc4be9000 	C:\WINDOWS\system32\uxtheme.dll
0x00007ffdc3870000 - 0x00007ffdc3891000 	C:\WINDOWS\system32\dwmapi.dll
0x00007ffdc4a80000 - 0x00007ffdc4a8b000 	C:\WINDOWS\SYSTEM32\kernel.appcore.dll
0x00007ffdc6130000 - 0x00007ffdc613b000 	C:\WINDOWS\SYSTEM32\CRYPTBASE.dll
0x00007ffdc60c0000 - 0x00007ffdc6123000 	C:\WINDOWS\SYSTEM32\bcryptPrimitives.dll
0x0000000180000000 - 0x0000000180051000 	C:\Users\Luca\Documents\GitHub\SicuramenteNonDungeon\lib\native\windows\lwjgl64.dll
0x00007ffdb8c20000 - 0x00007ffdb8d4b000 	C:\WINDOWS\SYSTEM32\OPENGL32.dll
0x00007ffdc3c00000 - 0x00007ffdc3c0a000 	C:\WINDOWS\SYSTEM32\VERSION.dll
0x00007ffdc4520000 - 0x00007ffdc454e000 	C:\WINDOWS\SYSTEM32\GLU32.dll
0x00007ffdb9fc0000 - 0x00007ffdba0b8000 	C:\WINDOWS\SYSTEM32\DDRAW.dll
0x00007ffdc39b0000 - 0x00007ffdc39b9000 	C:\WINDOWS\SYSTEM32\DCIMAN32.dll
0x00007ffdc38d0000 - 0x00007ffdc38fb000 	C:\WINDOWS\SYSTEM32\nvoglshim64.dll
0x00007ffda5bc0000 - 0x00007ffda6845000 	C:\WINDOWS\system32\ig4icd64.dll
0x00007ffdc4420000 - 0x00007ffdc44b2000 	C:\WINDOWS\SYSTEM32\mscms.dll
0x00007ffdc3590000 - 0x00007ffdc35d1000 	C:\WINDOWS\SYSTEM32\icm32.dll
0x00000000028a0000 - 0x00000000028b6000 	C:\Users\Luca\Documents\GitHub\SicuramenteNonDungeon\lib\native\windows\jinput-dx8_64.dll
0x00007ffdb9810000 - 0x00007ffdb9852000 	C:\WINDOWS\SYSTEM32\DINPUT8.dll
0x00007ffdc4f80000 - 0x00007ffdc4f8d000 	C:\WINDOWS\SYSTEM32\HID.DLL
0x00007ffdc8c20000 - 0x00007ffdc8dfa000 	C:\WINDOWS\system32\SETUPAPI.DLL
0x00007ffdc6730000 - 0x00007ffdc6781000 	C:\WINDOWS\system32\WINTRUST.dll
0x00007ffdc6450000 - 0x00007ffdc662f000 	C:\WINDOWS\system32\CRYPT32.dll
0x00007ffdc6310000 - 0x00007ffdc6321000 	C:\WINDOWS\system32\MSASN1.dll
0x0000000002900000 - 0x0000000002914000 	C:\Users\Luca\Documents\GitHub\SicuramenteNonDungeon\lib\native\windows\jinput-raw_64.dll
0x0000000056590000 - 0x00000000565d7000 	C:\Program Files\Java\jre1.8.0_25\bin\fontmanager.dll
0x00000000567a0000 - 0x00000000567ba000 	C:\Program Files\Java\jre1.8.0_25\bin\net.dll
0x00007ffdc5610000 - 0x00007ffdc5669000 	C:\WINDOWS\system32\mswsock.dll
0x0000000056780000 - 0x0000000056791000 	C:\Program Files\Java\jre1.8.0_25\bin\nio.dll
0x0000000056540000 - 0x0000000056581000 	C:\Program Files\Java\jre1.8.0_25\bin\t2k.dll
0x00007ffdbd630000 - 0x00007ffdbd7b9000 	C:\WINDOWS\SYSTEM32\dbghelp.dll

VM Arguments:
jvm_args: -Djava.library.path=C:\Users\Luca\Documents\GitHub\SicuramenteNonDungeon\lib\native\windows -Dfile.encoding=Cp1252 
java_command: happypotatoes.slickgame.Main
java_class_path (initial): C:\Users\Luca\Documents\GitHub\SicuramenteNonDungeon\bin;C:\Users\Luca\Documents\GitHub\SicuramenteNonDungeon\lib\jar\jinput.jar;C:\Users\Luca\Documents\GitHub\SicuramenteNonDungeon\lib\jar\lwjgl_util.jar;C:\Users\Luca\Documents\GitHub\SicuramenteNonDungeon\lib\jar\lwjgl.jar;C:\Users\Luca\Documents\GitHub\SicuramenteNonDungeon\lib\jar\slick.jar
Launcher Type: SUN_STANDARD

Environment Variables:
JAVA_HOME=C:\NVPACK\jdk1.6.0_45
PATH=C:\ProgramData\Oracle\Java\javapath;C:\Program Files (x86)\Intel\iCLS Client\;C:\Program Files\Intel\iCLS Client\;C:\WINDOWS\system32;C:\WINDOWS;C:\WINDOWS\System32\Wbem;C:\WINDOWS\System32\WindowsPowerShell\v1.0\;C:\Program Files (x86)\Windows Live\Shared;C:\Program Files (x86)\Intel\OpenCL SDK\2.0\bin\x86;C:\Program Files (x86)\Intel\OpenCL SDK\2.0\bin\x64;C:\Program Files\Intel\Intel(R) Management Engine Components\DAL;C:\Program Files\Intel\Intel(R) Management Engine Components\IPT;C:\Program Files (x86)\Intel\Intel(R) Management Engine Components\DAL;C:\Program Files (x86)\Intel\Intel(R) Management Engine Components\IPT;C:\Program Files (x86)\Windows Kits\8.1\Windows Performance Toolkit\;C:\Program Files\Microsoft SQL Server\110\Tools\Binn\;C:\Program Files\TortoiseSVN\bin;C:\Program Files (x86)\Microsoft SDKs\TypeScript\1.0\;C:\NVPACK\android-sdk-windows\tools;C:\Program Files (x86)\NVIDIA Corporation\PhysX\Common;C:\Program Files (x86)\Skype\Phone\;C:\NVPACK\android-sdk-windows\platform-tools;C:\NVPACK\android-sdk-windows\build-tools;C:\NVPACK\android-sdk-windows\tools;C:\NVPACK\jdk1.6.0_45\bin;C:\NVPACK\apache-ant-1.8.2\bin
USERNAME=Luca
OS=Windows_NT
PROCESSOR_IDENTIFIER=Intel64 Family 6 Model 42 Stepping 7, GenuineIntel



---------------  S Y S T E M  ---------------

OS: Windows 8.1 , 64 bit Build 9600 

CPU:total 4 (2 cores per cpu, 2 threads per core) family 6 model 42 stepping 7, cmov, cx8, fxsr, mmx, sse, sse2, sse3, ssse3, sse4.1, sse4.2, popcnt, avx, clmul, ht, tsc, tscinvbit

Memory: 4k page, physical 4075088k(1065280k free), swap 8269392k(3968220k free)

vm_info: Java HotSpot(TM) 64-Bit Server VM (25.25-b02) for windows-amd64 JRE (1.8.0_25-b18), built on Oct  7 2014 14:25:37 by "java_re" with MS VC++ 10.0 (VS2010)

time: Sat May 23 17:01:17 2015
elapsed time: 29 seconds (0d 0h 0m 29s)

